PhoneVerification/build/intermediates/manifest_merge_blame_file/debug/manifest-merger-blame-debug-report.txt
1<?xml version="1.0" encoding="utf-8"?>
2<manifest xmlns:android="http://schemas.android.com/apk/res/android"
3    package="com.phonenumberui"
4    android:versionCode="1"
5    android:versionName="1.0" >
6
7    <uses-sdk
8        android:minSdkVersion="21"
8-->src\main\AndroidManifest.xml
9        android:targetSdkVersion="29" />
9-->src\main\AndroidManifest.xml
10
11    <uses-permission android:name="android.permission.ACCESS_NETWORK_STATE" />
11-->src\main\AndroidManifest.xml:5:5-79
11-->src\main\AndroidManifest.xml:5:22-76
12
13    <application>
13-->src\main\AndroidManifest.xml:6:5-22:19
14        <activity
14-->src\main\AndroidManifest.xml:8:9-11:52
15            android:name="com.phonenumberui.PhoneNumberActivity"
15-->src\main\AndroidManifest.xml:9:13-48
16            android:screenOrientation="portrait"
16-->src\main\AndroidManifest.xml:11:13-49
17            android:theme="@style/AppTheme.NoActionBar" />
17-->src\main\AndroidManifest.xml:10:13-56
18        <activity
18-->src\main\AndroidManifest.xml:12:9-16:52
19            android:name="com.phonenumberui.CountryCodeActivity"
19-->src\main\AndroidManifest.xml:13:13-48
20            android:screenOrientation="portrait"
20-->src\main\AndroidManifest.xml:16:13-49
21            android:theme="@style/AppTheme.NoActionBar" />
21-->src\main\AndroidManifest.xml:14:13-56
22        <activity
22-->src\main\AndroidManifest.xml:17:9-21:52
23            android:name="com.phonenumberui.VerificationCodeActivity"
23-->src\main\AndroidManifest.xml:18:13-53
24            android:screenOrientation="portrait"
24-->src\main\AndroidManifest.xml:21:13-49
25            android:theme="@style/AppTheme.NoActionBar" />
25-->src\main\AndroidManifest.xml:19:13-56
26    </application>
27
28</manifest>